[01-Jun-2016 18:21:13 UTC] PHP Parse error:  syntax error, unexpected 'admin' (T_STRING) in /home/ubuntu/workspace/storage/framework/views/e2f43533b92eca3542b09f4ff677438fab6d984b.php on line 12
[01-Jun-2016 18:21:13 UTC] PHP Stack trace:
[01-Jun-2016 18:21:13 UTC] PHP   1. {main}() /home/ubuntu/workspace/public/index.php:0
[01-Jun-2016 18:21:13 UTC] PHP   2. Illuminate\Foundation\Http\Kernel->handle() /home/ubuntu/workspace/public/index.php:54
[01-Jun-2016 18:21:13 UTC] PHP   3. Illuminate\Foundation\Http\Kernel->sendRequestThroughRouter() /home/ubuntu/workspace/vendor/laravel/framework/src/Illuminate/Foundation/Http/Kernel.php:99
[01-Jun-2016 18:21:13 UTC] PHP   4. Illuminate\Pipeline\Pipeline->then() /home/ubuntu/workspace/vendor/laravel/framework/src/Illuminate/Foundation/Http/Kernel.php:132
[01-Jun-2016 18:21:13 UTC] PHP   5. call_user_func:{/home/ubuntu/workspace/vendor/laravel/framework/src/Illuminate/Pipeline/Pipeline.php:103}() /home/ubuntu/workspace/vendor/laravel/framework/src/Illuminate/Pipeline/Pipeline.php:103
[01-Jun-2016 18:21:13 UTC] PHP   6. Illuminate\Routing\Pipeline->Illuminate\Routing\{closure}() /home/ubuntu/workspace/vendor/laravel/framework/src/Illuminate/Pipeline/Pipeline.php:103
[01-Jun-2016 18:21:13 UTC] PHP   7. call_user_func:{/home/ubuntu/workspace/vendor/laravel/framework/src/Illuminate/Routing/Pipeline.php:32}() /home/ubuntu/workspace/vendor/laravel/framework/src/Illuminate/Routing/Pipeline.php:32
[01-Jun-2016 18:21:13 UTC] PHP   8. Illuminate\Pipeline\Pipeline->Illuminate\Pipeline\{closure}() /home/ubuntu/workspace/vendor/laravel/framework/src/Illuminate/Routing/Pipeline.php:32
[01-Jun-2016 18:21:13 UTC] PHP   9. call_user_func_array:{/home/ubuntu/workspace/vendor/laravel/framework/src/Illuminate/Pipeline/Pipeline.php:136}() /home/ubuntu/workspace/vendor/laravel/framework/src/Illuminate/Pipeline/Pipeline.php:136
[01-Jun-2016 18:21:13 UTC] PHP  10. Illuminate\Foundation\Http\Middleware\CheckForMaintenanceMode->handle() /home/ubuntu/workspace/vendor/laravel/framework/src/Illuminate/Pipeline/Pipeline.php:136
[01-Jun-2016 18:21:13 UTC] PHP  11. Illuminate\Routing\Pipeline->Illuminate\Routing\{closure}() /home/ubuntu/workspace/vendor/laravel/framework/src/Illuminate/Foundation/Http/Middleware/CheckForMaintenanceMode.php:44
[01-Jun-2016 18:21:13 UTC] PHP  12. call_user_func:{/home/ubuntu/workspace/vendor/laravel/framework/src/Illuminate/Routing/Pipeline.php:52}() /home/ubuntu/workspace/vendor/laravel/framework/src/Illuminate/Routing/Pipeline.php:52
[01-Jun-2016 18:21:13 UTC] PHP  13. Illuminate\Foundation\Http\Kernel->Illuminate\Foundation\Http\{closure}() /home/ubuntu/workspace/vendor/laravel/framework/src/Illuminate/Routing/Pipeline.php:52
[01-Jun-2016 18:21:13 UTC] PHP  14. Illuminate\Routing\Router->dispatch() /home/ubuntu/workspace/vendor/laravel/framework/src/Illuminate/Foundation/Http/Kernel.php:246
[01-Jun-2016 18:21:13 UTC] PHP  15. Illuminate\Routing\Router->dispatchToRoute() /home/ubuntu/workspace/vendor/laravel/framework/src/Illuminate/Routing/Router.php:675
[01-Jun-2016 18:21:13 UTC] PHP  16. Illuminate\Routing\Router->runRouteWithinStack() /home/ubuntu/workspace/vendor/laravel/framework/src/Illuminate/Routing/Router.php:699
[01-Jun-2016 18:21:13 UTC] PHP  17. Illuminate\Pipeline\Pipeline->then() /home/ubuntu/workspace/vendor/laravel/framework/src/Illuminate/Routing/Router.php:726
[01-Jun-2016 18:21:13 UTC] PHP  18. call_user_func:{/home/ubuntu/workspace/vendor/laravel/framework/src/Illuminate/Pipeline/Pipeline.php:103}() /home/ubuntu/workspace/vendor/laravel/framework/src/Illuminate/Pipeline/Pipeline.php:103
[01-Jun-2016 18:21:13 UTC] PHP  19. Illuminate\Routing\Pipeline->Illuminate\Routing\{closure}() /home/ubuntu/workspace/vendor/laravel/framework/src/Illuminate/Pipeline/Pipeline.php:103
[01-Jun-2016 18:21:13 UTC] PHP  20. call_user_func:{/home/ubuntu/workspace/vendor/laravel/framework/src/Illuminate/Routing/Pipeline.php:32}() /home/ubuntu/workspace/vendor/laravel/framework/src/Illuminate/Routing/Pipeline.php:32
[01-Jun-2016 18:21:13 UTC] PHP  21. Illuminate\Pipeline\Pipeline->Illuminate\Pipeline\{closure}() /home/ubuntu/workspace/vendor/laravel/framework/src/Illuminate/Routing/Pipeline.php:32
[01-Jun-2016 18:21:13 UTC] PHP  22. call_user_func_array:{/home/ubuntu/workspace/vendor/laravel/framework/src/Illuminate/Pipeline/Pipeline.php:136}() /home/ubuntu/workspace/vendor/laravel/framework/src/Illuminate/Pipeline/Pipeline.php:136
[01-Jun-2016 18:21:13 UTC] PHP  23. Illuminate\Cookie\Middleware\EncryptCookies->handle() /home/ubuntu/workspace/vendor/laravel/framework/src/Illuminate/Pipeline/Pipeline.php:136
[01-Jun-2016 18:21:13 UTC] PHP  24. Illuminate\Routing\Pipeline->Illuminate\Routing\{closure}() /home/ubuntu/workspace/vendor/laravel/framework/src/Illuminate/Cookie/Middleware/EncryptCookies.php:59
[01-Jun-2016 18:21:13 UTC] PHP  25. call_user_func:{/home/ubuntu/workspace/vendor/laravel/framework/src/Illuminate/Routing/Pipeline.php:32}() /home/ubuntu/workspace/vendor/laravel/framework/src/Illuminate/Routing/Pipeline.php:32
[01-Jun-2016 18:21:13 UTC] PHP  26. Illuminate\Pipeline\Pipeline->Illuminate\Pipeline\{closure}() /home/ubuntu/workspace/vendor/laravel/framework/src/Illuminate/Routing/Pipeline.php:32
[01-Jun-2016 18:21:13 UTC] PHP  27. call_user_func_array:{/home/ubuntu/workspace/vendor/laravel/framework/src/Illuminate/Pipeline/Pipeline.php:136}() /home/ubuntu/workspace/vendor/laravel/framework/src/Illuminate/Pipeline/Pipeline.php:136
[01-Jun-2016 18:21:13 UTC] PHP  28. Illuminate\Cookie\Middleware\AddQueuedCookiesToResponse->handle() /home/ubuntu/workspace/vendor/laravel/framework/src/Illuminate/Pipeline/Pipeline.php:136
[01-Jun-2016 18:21:13 UTC] PHP  29. Illuminate\Routing\Pipeline->Illuminate\Routing\{closure}() /home/ubuntu/workspace/vendor/laravel/framework/src/Illuminate/Cookie/Middleware/AddQueuedCookiesToResponse.php:37
[01-Jun-2016 18:21:13 UTC] PHP  30. call_user_func:{/home/ubuntu/workspace/vendor/laravel/framework/src/Illuminate/Routing/Pipeline.php:32}() /home/ubuntu/workspace/vendor/laravel/framework/src/Illuminate/Routing/Pipeline.php:32
[01-Jun-2016 18:21:13 UTC] PHP  31. Illuminate\Pipeline\Pipeline->Illuminate\Pipeline\{closure}() /home/ubuntu/workspace/vendor/laravel/framework/src/Illuminate/Routing/Pipeline.php:32
[01-Jun-2016 18:21:13 UTC] PHP  32. call_user_func_array:{/home/ubuntu/workspace/vendor/laravel/framework/src/Illuminate/Pipeline/Pipeline.php:136}() /home/ubuntu/workspace/vendor/laravel/framework/src/Illuminate/Pipeline/Pipeline.php:136
[01-Jun-2016 18:21:13 UTC] PHP  33. Illuminate\Session\Middleware\StartSession->handle() /home/ubuntu/workspace/vendor/laravel/framework/src/Illuminate/Pipeline/Pipeline.php:136
[01-Jun-2016 18:21:13 UTC] PHP  34. Illuminate\Routing\Pipeline->Illuminate\Routing\{closure}() /home/ubuntu/workspace/vendor/laravel/framework/src/Illuminate/Session/Middleware/StartSession.php:62
[01-Jun-2016 18:21:13 UTC] PHP  35. call_user_func:{/home/ubuntu/workspace/vendor/laravel/framework/src/Illuminate/Routing/Pipeline.php:32}() /home/ubuntu/workspace/vendor/laravel/framework/src/Illuminate/Routing/Pipeline.php:32
[01-Jun-2016 18:21:13 UTC] PHP  36. Illuminate\Pipeline\Pipeline->Illuminate\Pipeline\{closure}() /home/ubuntu/workspace/vendor/laravel/framework/src/Illuminate/Routing/Pipeline.php:32
[01-Jun-2016 18:21:13 UTC] PHP  37. call_user_func_array:{/home/ubuntu/workspace/vendor/laravel/framework/src/Illuminate/Pipeline/Pipeline.php:136}() /home/ubuntu/workspace/vendor/laravel/framework/src/Illuminate/Pipeline/Pipeline.php:136
[01-Jun-2016 18:21:13 UTC] PHP  38. Illuminate\View\Middleware\ShareErrorsFromSession->handle() /home/ubuntu/workspace/vendor/laravel/framework/src/Illuminate/Pipeline/Pipeline.php:136
[01-Jun-2016 18:21:13 UTC] PHP  39. Illuminate\Routing\Pipeline->Illuminate\Routing\{closure}() /home/ubuntu/workspace/vendor/laravel/framework/src/Illuminate/View/Middleware/ShareErrorsFromSession.php:49
[01-Jun-2016 18:21:13 UTC] PHP  40. call_user_func:{/home/ubuntu/workspace/vendor/laravel/framework/src/Illuminate/Routing/Pipeline.php:32}() /home/ubuntu/workspace/vendor/laravel/framework/src/Illuminate/Routing/Pipeline.php:32
[01-Jun-2016 18:21:13 UTC] PHP  41. Illuminate\Pipeline\Pipeline->Illuminate\Pipeline\{closure}() /home/ubuntu/workspace/vendor/laravel/framework/src/Illuminate/Routing/Pipeline.php:32
[01-Jun-2016 18:21:13 UTC] PHP  42. call_user_func_array:{/home/ubuntu/workspace/vendor/laravel/framework/src/Illuminate/Pipeline/Pipeline.php:136}() /home/ubuntu/workspace/vendor/laravel/framework/src/Illuminate/Pipeline/Pipeline.php:136
[01-Jun-2016 18:21:13 UTC] PHP  43. Illuminate\Foundation\Http\Middleware\VerifyCsrfToken->handle() /home/ubuntu/workspace/vendor/laravel/framework/src/Illuminate/Pipeline/Pipeline.php:136
[01-Jun-2016 18:21:13 UTC] PHP  44. Illuminate\Routing\Pipeline->Illuminate\Routing\{closure}() /home/ubuntu/workspace/vendor/laravel/framework/src/Illuminate/Foundation/Http/Middleware/VerifyCsrfToken.php:64
[01-Jun-2016 18:21:13 UTC] PHP  45. call_user_func:{/home/ubuntu/workspace/vendor/laravel/framework/src/Illuminate/Routing/Pipeline.php:52}() /home/ubuntu/workspace/vendor/laravel/framework/src/Illuminate/Routing/Pipeline.php:52
[01-Jun-2016 18:21:13 UTC] PHP  46. Illuminate\Routing\Router->Illuminate\Routing\{closure}() /home/ubuntu/workspace/vendor/laravel/framework/src/Illuminate/Routing/Pipeline.php:52
[01-Jun-2016 18:21:13 UTC] PHP  47. Illuminate\Routing\Route->run() /home/ubuntu/workspace/vendor/laravel/framework/src/Illuminate/Routing/Router.php:724
[01-Jun-2016 18:21:13 UTC] PHP  48. Illuminate\Routing\Route->runController() /home/ubuntu/workspace/vendor/laravel/framework/src/Illuminate/Routing/Route.php:140
[01-Jun-2016 18:21:13 UTC] PHP  49. Illuminate\Routing\ControllerDispatcher->dispatch() /home/ubuntu/workspace/vendor/laravel/framework/src/Illuminate/Routing/Route.php:174
[01-Jun-2016 18:21:13 UTC] PHP  50. Illuminate\Routing\ControllerDispatcher->callWithinStack() /home/ubuntu/workspace/vendor/laravel/framework/src/Illuminate/Routing/ControllerDispatcher.php:54
[01-Jun-2016 18:21:13 UTC] PHP  51. Illuminate\Pipeline\Pipeline->then() /home/ubuntu/workspace/vendor/laravel/framework/src/Illuminate/Routing/ControllerDispatcher.php:96
[01-Jun-2016 18:21:13 UTC] PHP  52. call_user_func:{/home/ubuntu/workspace/vendor/laravel/framework/src/Illuminate/Pipeline/Pipeline.php:103}() /home/ubuntu/workspace/vendor/laravel/framework/src/Illuminate/Pipeline/Pipeline.php:103
[01-Jun-2016 18:21:13 UTC] PHP  53. Illuminate\Routing\Pipeline->Illuminate\Routing\{closure}() /home/ubuntu/workspace/vendor/laravel/framework/src/Illuminate/Pipeline/Pipeline.php:103
[01-Jun-2016 18:21:13 UTC] PHP  54. call_user_func:{/home/ubuntu/workspace/vendor/laravel/framework/src/Illuminate/Routing/Pipeline.php:52}() /home/ubuntu/workspace/vendor/laravel/framework/src/Illuminate/Routing/Pipeline.php:52
[01-Jun-2016 18:21:13 UTC] PHP  55. Illuminate\Routing\ControllerDispatcher->Illuminate\Routing\{closure}() /home/ubuntu/workspace/vendor/laravel/framework/src/Illuminate/Routing/Pipeline.php:52
[01-Jun-2016 18:21:13 UTC] PHP  56. Illuminate\Routing\Router->prepareResponse() /home/ubuntu/workspace/vendor/laravel/framework/src/Illuminate/Routing/ControllerDispatcher.php:95
[01-Jun-2016 18:21:13 UTC] PHP  57. Symfony\Component\HttpFoundation\Response->__construct() /home/ubuntu/workspace/vendor/laravel/framework/src/Illuminate/Routing/Router.php:1087
[01-Jun-2016 18:21:13 UTC] PHP  58. Illuminate\Http\Response->setContent() /home/ubuntu/workspace/vendor/symfony/http-foundation/Response.php:199
[01-Jun-2016 18:21:13 UTC] PHP  59. Illuminate\View\View->render() /home/ubuntu/workspace/vendor/laravel/framework/src/Illuminate/Http/Response.php:53
[01-Jun-2016 18:21:13 UTC] PHP  60. Illuminate\View\View->renderContents() /home/ubuntu/workspace/vendor/laravel/framework/src/Illuminate/View/View.php:85
[01-Jun-2016 18:21:13 UTC] PHP  61. Illuminate\View\View->getContents() /home/ubuntu/workspace/vendor/laravel/framework/src/Illuminate/View/View.php:120
[01-Jun-2016 18:21:13 UTC] PHP  62. Illuminate\View\Engines\CompilerEngine->get() /home/ubuntu/workspace/vendor/laravel/framework/src/Illuminate/View/View.php:149
[01-Jun-2016 18:21:13 UTC] PHP  63. Illuminate\View\Engines\PhpEngine->evaluatePath() /home/ubuntu/workspace/vendor/laravel/framework/src/Illuminate/View/Engines/CompilerEngine.php:59
[01-Jun-2016 18:21:56 UTC] PHP Parse error:  syntax error, unexpected 'admin' (T_STRING) in /home/ubuntu/workspace/storage/framework/views/e2f43533b92eca3542b09f4ff677438fab6d984b.php on line 12
[01-Jun-2016 18:21:56 UTC] PHP Stack trace:
[01-Jun-2016 18:21:56 UTC] PHP   1. {main}() /home/ubuntu/workspace/public/index.php:0
[01-Jun-2016 18:21:56 UTC] PHP   2. Illuminate\Foundation\Http\Kernel->handle() /home/ubuntu/workspace/public/index.php:54
[01-Jun-2016 18:21:56 UTC] PHP   3. Illuminate\Foundation\Http\Kernel->sendRequestThroughRouter() /home/ubuntu/workspace/vendor/laravel/framework/src/Illuminate/Foundation/Http/Kernel.php:99
[01-Jun-2016 18:21:56 UTC] PHP   4. Illuminate\Pipeline\Pipeline->then() /home/ubuntu/workspace/vendor/laravel/framework/src/Illuminate/Foundation/Http/Kernel.php:132
[01-Jun-2016 18:21:56 UTC] PHP   5. call_user_func:{/home/ubuntu/workspace/vendor/laravel/framework/src/Illuminate/Pipeline/Pipeline.php:103}() /home/ubuntu/workspace/vendor/laravel/framework/src/Illuminate/Pipeline/Pipeline.php:103
[01-Jun-2016 18:21:56 UTC] PHP   6. Illuminate\Routing\Pipeline->Illuminate\Routing\{closure}() /home/ubuntu/workspace/vendor/laravel/framework/src/Illuminate/Pipeline/Pipeline.php:103
[01-Jun-2016 18:21:56 UTC] PHP   7. call_user_func:{/home/ubuntu/workspace/vendor/laravel/framework/src/Illuminate/Routing/Pipeline.php:32}() /home/ubuntu/workspace/vendor/laravel/framework/src/Illuminate/Routing/Pipeline.php:32
[01-Jun-2016 18:21:56 UTC] PHP   8. Illuminate\Pipeline\Pipeline->Illuminate\Pipeline\{closure}() /home/ubuntu/workspace/vendor/laravel/framework/src/Illuminate/Routing/Pipeline.php:32
[01-Jun-2016 18:21:56 UTC] PHP   9. call_user_func_array:{/home/ubuntu/workspace/vendor/laravel/framework/src/Illuminate/Pipeline/Pipeline.php:136}() /home/ubuntu/workspace/vendor/laravel/framework/src/Illuminate/Pipeline/Pipeline.php:136
[01-Jun-2016 18:21:56 UTC] PHP  10. Illuminate\Foundation\Http\Middleware\CheckForMaintenanceMode->handle() /home/ubuntu/workspace/vendor/laravel/framework/src/Illuminate/Pipeline/Pipeline.php:136
[01-Jun-2016 18:21:56 UTC] PHP  11. Illuminate\Routing\Pipeline->Illuminate\Routing\{closure}() /home/ubuntu/workspace/vendor/laravel/framework/src/Illuminate/Foundation/Http/Middleware/CheckForMaintenanceMode.php:44
[01-Jun-2016 18:21:56 UTC] PHP  12. call_user_func:{/home/ubuntu/workspace/vendor/laravel/framework/src/Illuminate/Routing/Pipeline.php:52}() /home/ubuntu/workspace/vendor/laravel/framework/src/Illuminate/Routing/Pipeline.php:52
[01-Jun-2016 18:21:56 UTC] PHP  13. Illuminate\Foundation\Http\Kernel->Illuminate\Foundation\Http\{closure}() /home/ubuntu/workspace/vendor/laravel/framework/src/Illuminate/Routing/Pipeline.php:52
[01-Jun-2016 18:21:56 UTC] PHP  14. Illuminate\Routing\Router->dispatch() /home/ubuntu/workspace/vendor/laravel/framework/src/Illuminate/Foundation/Http/Kernel.php:246
[01-Jun-2016 18:21:56 UTC] PHP  15. Illuminate\Routing\Router->dispatchToRoute() /home/ubuntu/workspace/vendor/laravel/framework/src/Illuminate/Routing/Router.php:675
[01-Jun-2016 18:21:56 UTC] PHP  16. Illuminate\Routing\Router->runRouteWithinStack() /home/ubuntu/workspace/vendor/laravel/framework/src/Illuminate/Routing/Router.php:699
[01-Jun-2016 18:21:56 UTC] PHP  17. Illuminate\Pipeline\Pipeline->then() /home/ubuntu/workspace/vendor/laravel/framework/src/Illuminate/Routing/Router.php:726
[01-Jun-2016 18:21:56 UTC] PHP  18. call_user_func:{/home/ubuntu/workspace/vendor/laravel/framework/src/Illuminate/Pipeline/Pipeline.php:103}() /home/ubuntu/workspace/vendor/laravel/framework/src/Illuminate/Pipeline/Pipeline.php:103
[01-Jun-2016 18:21:56 UTC] PHP  19. Illuminate\Routing\Pipeline->Illuminate\Routing\{closure}() /home/ubuntu/workspace/vendor/laravel/framework/src/Illuminate/Pipeline/Pipeline.php:103
[01-Jun-2016 18:21:56 UTC] PHP  20. call_user_func:{/home/ubuntu/workspace/vendor/laravel/framework/src/Illuminate/Routing/Pipeline.php:32}() /home/ubuntu/workspace/vendor/laravel/framework/src/Illuminate/Routing/Pipeline.php:32
[01-Jun-2016 18:21:56 UTC] PHP  21. Illuminate\Pipeline\Pipeline->Illuminate\Pipeline\{closure}() /home/ubuntu/workspace/vendor/laravel/framework/src/Illuminate/Routing/Pipeline.php:32
[01-Jun-2016 18:21:56 UTC] PHP  22. call_user_func_array:{/home/ubuntu/workspace/vendor/laravel/framework/src/Illuminate/Pipeline/Pipeline.php:136}() /home/ubuntu/workspace/vendor/laravel/framework/src/Illuminate/Pipeline/Pipeline.php:136
[01-Jun-2016 18:21:56 UTC] PHP  23. Illuminate\Cookie\Middleware\EncryptCookies->handle() /home/ubuntu/workspace/vendor/laravel/framework/src/Illuminate/Pipeline/Pipeline.php:136
[01-Jun-2016 18:21:56 UTC] PHP  24. Illuminate\Routing\Pipeline->Illuminate\Routing\{closure}() /home/ubuntu/workspace/vendor/laravel/framework/src/Illuminate/Cookie/Middleware/EncryptCookies.php:59
[01-Jun-2016 18:21:56 UTC] PHP  25. call_user_func:{/home/ubuntu/workspace/vendor/laravel/framework/src/Illuminate/Routing/Pipeline.php:32}() /home/ubuntu/workspace/vendor/laravel/framework/src/Illuminate/Routing/Pipeline.php:32
[01-Jun-2016 18:21:56 UTC] PHP  26. Illuminate\Pipeline\Pipeline->Illuminate\Pipeline\{closure}() /home/ubuntu/workspace/vendor/laravel/framework/src/Illuminate/Routing/Pipeline.php:32
[01-Jun-2016 18:21:56 UTC] PHP  27. call_user_func_array:{/home/ubuntu/workspace/vendor/laravel/framework/src/Illuminate/Pipeline/Pipeline.php:136}() /home/ubuntu/workspace/vendor/laravel/framework/src/Illuminate/Pipeline/Pipeline.php:136
[01-Jun-2016 18:21:56 UTC] PHP  28. Illuminate\Cookie\Middleware\AddQueuedCookiesToResponse->handle() /home/ubuntu/workspace/vendor/laravel/framework/src/Illuminate/Pipeline/Pipeline.php:136
[01-Jun-2016 18:21:56 UTC] PHP  29. Illuminate\Routing\Pipeline->Illuminate\Routing\{closure}() /home/ubuntu/workspace/vendor/laravel/framework/src/Illuminate/Cookie/Middleware/AddQueuedCookiesToResponse.php:37
[01-Jun-2016 18:21:56 UTC] PHP  30. call_user_func:{/home/ubuntu/workspace/vendor/laravel/framework/src/Illuminate/Routing/Pipeline.php:32}() /home/ubuntu/workspace/vendor/laravel/framework/src/Illuminate/Routing/Pipeline.php:32
[01-Jun-2016 18:21:56 UTC] PHP  31. Illuminate\Pipeline\Pipeline->Illuminate\Pipeline\{closure}() /home/ubuntu/workspace/vendor/laravel/framework/src/Illuminate/Routing/Pipeline.php:32
[01-Jun-2016 18:21:56 UTC] PHP  32. call_user_func_array:{/home/ubuntu/workspace/vendor/laravel/framework/src/Illuminate/Pipeline/Pipeline.php:136}() /home/ubuntu/workspace/vendor/laravel/framework/src/Illuminate/Pipeline/Pipeline.php:136
[01-Jun-2016 18:21:56 UTC] PHP  33. Illuminate\Session\Middleware\StartSession->handle() /home/ubuntu/workspace/vendor/laravel/framework/src/Illuminate/Pipeline/Pipeline.php:136
[01-Jun-2016 18:21:56 UTC] PHP  34. Illuminate\Routing\Pipeline->Illuminate\Routing\{closure}() /home/ubuntu/workspace/vendor/laravel/framework/src/Illuminate/Session/Middleware/StartSession.php:62
[01-Jun-2016 18:21:56 UTC] PHP  35. call_user_func:{/home/ubuntu/workspace/vendor/laravel/framework/src/Illuminate/Routing/Pipeline.php:32}() /home/ubuntu/workspace/vendor/laravel/framework/src/Illuminate/Routing/Pipeline.php:32
[01-Jun-2016 18:21:56 UTC] PHP  36. Illuminate\Pipeline\Pipeline->Illuminate\Pipeline\{closure}() /home/ubuntu/workspace/vendor/laravel/framework/src/Illuminate/Routing/Pipeline.php:32
[01-Jun-2016 18:21:56 UTC] PHP  37. call_user_func_array:{/home/ubuntu/workspace/vendor/laravel/framework/src/Illuminate/Pipeline/Pipeline.php:136}() /home/ubuntu/workspace/vendor/laravel/framework/src/Illuminate/Pipeline/Pipeline.php:136
[01-Jun-2016 18:21:56 UTC] PHP  38. Illuminate\View\Middleware\ShareErrorsFromSession->handle() /home/ubuntu/workspace/vendor/laravel/framework/src/Illuminate/Pipeline/Pipeline.php:136
[01-Jun-2016 18:21:56 UTC] PHP  39. Illuminate\Routing\Pipeline->Illuminate\Routing\{closure}() /home/ubuntu/workspace/vendor/laravel/framework/src/Illuminate/View/Middleware/ShareErrorsFromSession.php:49
[01-Jun-2016 18:21:56 UTC] PHP  40. call_user_func:{/home/ubuntu/workspace/vendor/laravel/framework/src/Illuminate/Routing/Pipeline.php:32}() /home/ubuntu/workspace/vendor/laravel/framework/src/Illuminate/Routing/Pipeline.php:32
[01-Jun-2016 18:21:56 UTC] PHP  41. Illuminate\Pipeline\Pipeline->Illuminate\Pipeline\{closure}() /home/ubuntu/workspace/vendor/laravel/framework/src/Illuminate/Routing/Pipeline.php:32
[01-Jun-2016 18:21:56 UTC] PHP  42. call_user_func_array:{/home/ubuntu/workspace/vendor/laravel/framework/src/Illuminate/Pipeline/Pipeline.php:136}() /home/ubuntu/workspace/vendor/laravel/framework/src/Illuminate/Pipeline/Pipeline.php:136
[01-Jun-2016 18:21:56 UTC] PHP  43. Illuminate\Foundation\Http\Middleware\VerifyCsrfToken->handle() /home/ubuntu/workspace/vendor/laravel/framework/src/Illuminate/Pipeline/Pipeline.php:136
[01-Jun-2016 18:21:56 UTC] PHP  44. Illuminate\Routing\Pipeline->Illuminate\Routing\{closure}() /home/ubuntu/workspace/vendor/laravel/framework/src/Illuminate/Foundation/Http/Middleware/VerifyCsrfToken.php:64
[01-Jun-2016 18:21:56 UTC] PHP  45. call_user_func:{/home/ubuntu/workspace/vendor/laravel/framework/src/Illuminate/Routing/Pipeline.php:52}() /home/ubuntu/workspace/vendor/laravel/framework/src/Illuminate/Routing/Pipeline.php:52
[01-Jun-2016 18:21:56 UTC] PHP  46. Illuminate\Routing\Router->Illuminate\Routing\{closure}() /home/ubuntu/workspace/vendor/laravel/framework/src/Illuminate/Routing/Pipeline.php:52
[01-Jun-2016 18:21:56 UTC] PHP  47. Illuminate\Routing\Route->run() /home/ubuntu/workspace/vendor/laravel/framework/src/Illuminate/Routing/Router.php:724
[01-Jun-2016 18:21:56 UTC] PHP  48. Illuminate\Routing\Route->runController() /home/ubuntu/workspace/vendor/laravel/framework/src/Illuminate/Routing/Route.php:140
[01-Jun-2016 18:21:56 UTC] PHP  49. Illuminate\Routing\ControllerDispatcher->dispatch() /home/ubuntu/workspace/vendor/laravel/framework/src/Illuminate/Routing/Route.php:174
[01-Jun-2016 18:21:56 UTC] PHP  50. Illuminate\Routing\ControllerDispatcher->callWithinStack() /home/ubuntu/workspace/vendor/laravel/framework/src/Illuminate/Routing/ControllerDispatcher.php:54
[01-Jun-2016 18:21:56 UTC] PHP  51. Illuminate\Pipeline\Pipeline->then() /home/ubuntu/workspace/vendor/laravel/framework/src/Illuminate/Routing/ControllerDispatcher.php:96
[01-Jun-2016 18:21:56 UTC] PHP  52. call_user_func:{/home/ubuntu/workspace/vendor/laravel/framework/src/Illuminate/Pipeline/Pipeline.php:103}() /home/ubuntu/workspace/vendor/laravel/framework/src/Illuminate/Pipeline/Pipeline.php:103
[01-Jun-2016 18:21:56 UTC] PHP  53. Illuminate\Routing\Pipeline->Illuminate\Routing\{closure}() /home/ubuntu/workspace/vendor/laravel/framework/src/Illuminate/Pipeline/Pipeline.php:103
[01-Jun-2016 18:21:56 UTC] PHP  54. call_user_func:{/home/ubuntu/workspace/vendor/laravel/framework/src/Illuminate/Routing/Pipeline.php:52}() /home/ubuntu/workspace/vendor/laravel/framework/src/Illuminate/Routing/Pipeline.php:52
[01-Jun-2016 18:21:56 UTC] PHP  55. Illuminate\Routing\ControllerDispatcher->Illuminate\Routing\{closure}() /home/ubuntu/workspace/vendor/laravel/framework/src/Illuminate/Routing/Pipeline.php:52
[01-Jun-2016 18:21:56 UTC] PHP  56. Illuminate\Routing\Router->prepareResponse() /home/ubuntu/workspace/vendor/laravel/framework/src/Illuminate/Routing/ControllerDispatcher.php:95
[01-Jun-2016 18:21:56 UTC] PHP  57. Symfony\Component\HttpFoundation\Response->__construct() /home/ubuntu/workspace/vendor/laravel/framework/src/Illuminate/Routing/Router.php:1087
[01-Jun-2016 18:21:56 UTC] PHP  58. Illuminate\Http\Response->setContent() /home/ubuntu/workspace/vendor/symfony/http-foundation/Response.php:199
[01-Jun-2016 18:21:56 UTC] PHP  59. Illuminate\View\View->render() /home/ubuntu/workspace/vendor/laravel/framework/src/Illuminate/Http/Response.php:53
[01-Jun-2016 18:21:56 UTC] PHP  60. Illuminate\View\View->renderContents() /home/ubuntu/workspace/vendor/laravel/framework/src/Illuminate/View/View.php:85
[01-Jun-2016 18:21:56 UTC] PHP  61. Illuminate\View\View->getContents() /home/ubuntu/workspace/vendor/laravel/framework/src/Illuminate/View/View.php:120
[01-Jun-2016 18:21:56 UTC] PHP  62. Illuminate\View\Engines\CompilerEngine->get() /home/ubuntu/workspace/vendor/laravel/framework/src/Illuminate/View/View.php:149
[01-Jun-2016 18:21:56 UTC] PHP  63. Illuminate\View\Engines\PhpEngine->evaluatePath() /home/ubuntu/workspace/vendor/laravel/framework/src/Illuminate/View/Engines/CompilerEngine.php:59
[01-Jun-2016 18:22:18 UTC] PHP Parse error:  syntax error, unexpected 'admin' (T_STRING) in /home/ubuntu/workspace/storage/framework/views/e2f43533b92eca3542b09f4ff677438fab6d984b.php on line 12
[01-Jun-2016 18:22:18 UTC] PHP Stack trace:
[01-Jun-2016 18:22:18 UTC] PHP   1. {main}() /home/ubuntu/workspace/public/index.php:0
[01-Jun-2016 18:22:18 UTC] PHP   2. Illuminate\Foundation\Http\Kernel->handle() /home/ubuntu/workspace/public/index.php:54
[01-Jun-2016 18:22:18 UTC] PHP   3. Illuminate\Foundation\Http\Kernel->sendRequestThroughRouter() /home/ubuntu/workspace/vendor/laravel/framework/src/Illuminate/Foundation/Http/Kernel.php:99
[01-Jun-2016 18:22:18 UTC] PHP   4. Illuminate\Pipeline\Pipeline->then() /home/ubuntu/workspace/vendor/laravel/framework/src/Illuminate/Foundation/Http/Kernel.php:132
[01-Jun-2016 18:22:18 UTC] PHP   5. call_user_func:{/home/ubuntu/workspace/vendor/laravel/framework/src/Illuminate/Pipeline/Pipeline.php:103}() /home/ubuntu/workspace/vendor/laravel/framework/src/Illuminate/Pipeline/Pipeline.php:103
[01-Jun-2016 18:22:18 UTC] PHP   6. Illuminate\Routing\Pipeline->Illuminate\Routing\{closure}() /home/ubuntu/workspace/vendor/laravel/framework/src/Illuminate/Pipeline/Pipeline.php:103
[01-Jun-2016 18:22:18 UTC] PHP   7. call_user_func:{/home/ubuntu/workspace/vendor/laravel/framework/src/Illuminate/Routing/Pipeline.php:32}() /home/ubuntu/workspace/vendor/laravel/framework/src/Illuminate/Routing/Pipeline.php:32
[01-Jun-2016 18:22:18 UTC] PHP   8. Illuminate\Pipeline\Pipeline->Illuminate\Pipeline\{closure}() /home/ubuntu/workspace/vendor/laravel/framework/src/Illuminate/Routing/Pipeline.php:32
[01-Jun-2016 18:22:18 UTC] PHP   9. call_user_func_array:{/home/ubuntu/workspace/vendor/laravel/framework/src/Illuminate/Pipeline/Pipeline.php:136}() /home/ubuntu/workspace/vendor/laravel/framework/src/Illuminate/Pipeline/Pipeline.php:136
[01-Jun-2016 18:22:18 UTC] PHP  10. Illuminate\Foundation\Http\Middleware\CheckForMaintenanceMode->handle() /home/ubuntu/workspace/vendor/laravel/framework/src/Illuminate/Pipeline/Pipeline.php:136
[01-Jun-2016 18:22:18 UTC] PHP  11. Illuminate\Routing\Pipeline->Illuminate\Routing\{closure}() /home/ubuntu/workspace/vendor/laravel/framework/src/Illuminate/Foundation/Http/Middleware/CheckForMaintenanceMode.php:44
[01-Jun-2016 18:22:18 UTC] PHP  12. call_user_func:{/home/ubuntu/workspace/vendor/laravel/framework/src/Illuminate/Routing/Pipeline.php:52}() /home/ubuntu/workspace/vendor/laravel/framework/src/Illuminate/Routing/Pipeline.php:52
[01-Jun-2016 18:22:18 UTC] PHP  13. Illuminate\Foundation\Http\Kernel->Illuminate\Foundation\Http\{closure}() /home/ubuntu/workspace/vendor/laravel/framework/src/Illuminate/Routing/Pipeline.php:52
[01-Jun-2016 18:22:18 UTC] PHP  14. Illuminate\Routing\Router->dispatch() /home/ubuntu/workspace/vendor/laravel/framework/src/Illuminate/Foundation/Http/Kernel.php:246
[01-Jun-2016 18:22:18 UTC] PHP  15. Illuminate\Routing\Router->dispatchToRoute() /home/ubuntu/workspace/vendor/laravel/framework/src/Illuminate/Routing/Router.php:675
[01-Jun-2016 18:22:18 UTC] PHP  16. Illuminate\Routing\Router->runRouteWithinStack() /home/ubuntu/workspace/vendor/laravel/framework/src/Illuminate/Routing/Router.php:699
[01-Jun-2016 18:22:18 UTC] PHP  17. Illuminate\Pipeline\Pipeline->then() /home/ubuntu/workspace/vendor/laravel/framework/src/Illuminate/Routing/Router.php:726
[01-Jun-2016 18:22:18 UTC] PHP  18. call_user_func:{/home/ubuntu/workspace/vendor/laravel/framework/src/Illuminate/Pipeline/Pipeline.php:103}() /home/ubuntu/workspace/vendor/laravel/framework/src/Illuminate/Pipeline/Pipeline.php:103
[01-Jun-2016 18:22:18 UTC] PHP  19. Illuminate\Routing\Pipeline->Illuminate\Routing\{closure}() /home/ubuntu/workspace/vendor/laravel/framework/src/Illuminate/Pipeline/Pipeline.php:103
[01-Jun-2016 18:22:18 UTC] PHP  20. call_user_func:{/home/ubuntu/workspace/vendor/laravel/framework/src/Illuminate/Routing/Pipeline.php:32}() /home/ubuntu/workspace/vendor/laravel/framework/src/Illuminate/Routing/Pipeline.php:32
[01-Jun-2016 18:22:18 UTC] PHP  21. Illuminate\Pipeline\Pipeline->Illuminate\Pipeline\{closure}() /home/ubuntu/workspace/vendor/laravel/framework/src/Illuminate/Routing/Pipeline.php:32
[01-Jun-2016 18:22:18 UTC] PHP  22. call_user_func_array:{/home/ubuntu/workspace/vendor/laravel/framework/src/Illuminate/Pipeline/Pipeline.php:136}() /home/ubuntu/workspace/vendor/laravel/framework/src/Illuminate/Pipeline/Pipeline.php:136
[01-Jun-2016 18:22:18 UTC] PHP  23. Illuminate\Cookie\Middleware\EncryptCookies->handle() /home/ubuntu/workspace/vendor/laravel/framework/src/Illuminate/Pipeline/Pipeline.php:136
[01-Jun-2016 18:22:18 UTC] PHP  24. Illuminate\Routing\Pipeline->Illuminate\Routing\{closure}() /home/ubuntu/workspace/vendor/laravel/framework/src/Illuminate/Cookie/Middleware/EncryptCookies.php:59
[01-Jun-2016 18:22:18 UTC] PHP  25. call_user_func:{/home/ubuntu/workspace/vendor/laravel/framework/src/Illuminate/Routing/Pipeline.php:32}() /home/ubuntu/workspace/vendor/laravel/framework/src/Illuminate/Routing/Pipeline.php:32
[01-Jun-2016 18:22:18 UTC] PHP  26. Illuminate\Pipeline\Pipeline->Illuminate\Pipeline\{closure}() /home/ubuntu/workspace/vendor/laravel/framework/src/Illuminate/Routing/Pipeline.php:32
[01-Jun-2016 18:22:18 UTC] PHP  27. call_user_func_array:{/home/ubuntu/workspace/vendor/laravel/framework/src/Illuminate/Pipeline/Pipeline.php:136}() /home/ubuntu/workspace/vendor/laravel/framework/src/Illuminate/Pipeline/Pipeline.php:136
[01-Jun-2016 18:22:18 UTC] PHP  28. Illuminate\Cookie\Middleware\AddQueuedCookiesToResponse->handle() /home/ubuntu/workspace/vendor/laravel/framework/src/Illuminate/Pipeline/Pipeline.php:136
[01-Jun-2016 18:22:18 UTC] PHP  29. Illuminate\Routing\Pipeline->Illuminate\Routing\{closure}() /home/ubuntu/workspace/vendor/laravel/framework/src/Illuminate/Cookie/Middleware/AddQueuedCookiesToResponse.php:37
[01-Jun-2016 18:22:18 UTC] PHP  30. call_user_func:{/home/ubuntu/workspace/vendor/laravel/framework/src/Illuminate/Routing/Pipeline.php:32}() /home/ubuntu/workspace/vendor/laravel/framework/src/Illuminate/Routing/Pipeline.php:32
[01-Jun-2016 18:22:18 UTC] PHP  31. Illuminate\Pipeline\Pipeline->Illuminate\Pipeline\{closure}() /home/ubuntu/workspace/vendor/laravel/framework/src/Illuminate/Routing/Pipeline.php:32
[01-Jun-2016 18:22:18 UTC] PHP  32. call_user_func_array:{/home/ubuntu/workspace/vendor/laravel/framework/src/Illuminate/Pipeline/Pipeline.php:136}() /home/ubuntu/workspace/vendor/laravel/framework/src/Illuminate/Pipeline/Pipeline.php:136
[01-Jun-2016 18:22:18 UTC] PHP  33. Illuminate\Session\Middleware\StartSession->handle() /home/ubuntu/workspace/vendor/laravel/framework/src/Illuminate/Pipeline/Pipeline.php:136
[01-Jun-2016 18:22:18 UTC] PHP  34. Illuminate\Routing\Pipeline->Illuminate\Routing\{closure}() /home/ubuntu/workspace/vendor/laravel/framework/src/Illuminate/Session/Middleware/StartSession.php:62
[01-Jun-2016 18:22:18 UTC] PHP  35. call_user_func:{/home/ubuntu/workspace/vendor/laravel/framework/src/Illuminate/Routing/Pipeline.php:32}() /home/ubuntu/workspace/vendor/laravel/framework/src/Illuminate/Routing/Pipeline.php:32
[01-Jun-2016 18:22:18 UTC] PHP  36. Illuminate\Pipeline\Pipeline->Illuminate\Pipeline\{closure}() /home/ubuntu/workspace/vendor/laravel/framework/src/Illuminate/Routing/Pipeline.php:32
[01-Jun-2016 18:22:18 UTC] PHP  37. call_user_func_array:{/home/ubuntu/workspace/vendor/laravel/framework/src/Illuminate/Pipeline/Pipeline.php:136}() /home/ubuntu/workspace/vendor/laravel/framework/src/Illuminate/Pipeline/Pipeline.php:136
[01-Jun-2016 18:22:18 UTC] PHP  38. Illuminate\View\Middleware\ShareErrorsFromSession->handle() /home/ubuntu/workspace/vendor/laravel/framework/src/Illuminate/Pipeline/Pipeline.php:136
[01-Jun-2016 18:22:18 UTC] PHP  39. Illuminate\Routing\Pipeline->Illuminate\Routing\{closure}() /home/ubuntu/workspace/vendor/laravel/framework/src/Illuminate/View/Middleware/ShareErrorsFromSession.php:49
[01-Jun-2016 18:22:18 UTC] PHP  40. call_user_func:{/home/ubuntu/workspace/vendor/laravel/framework/src/Illuminate/Routing/Pipeline.php:32}() /home/ubuntu/workspace/vendor/laravel/framework/src/Illuminate/Routing/Pipeline.php:32
[01-Jun-2016 18:22:18 UTC] PHP  41. Illuminate\Pipeline\Pipeline->Illuminate\Pipeline\{closure}() /home/ubuntu/workspace/vendor/laravel/framework/src/Illuminate/Routing/Pipeline.php:32
[01-Jun-2016 18:22:18 UTC] PHP  42. call_user_func_array:{/home/ubuntu/workspace/vendor/laravel/framework/src/Illuminate/Pipeline/Pipeline.php:136}() /home/ubuntu/workspace/vendor/laravel/framework/src/Illuminate/Pipeline/Pipeline.php:136
[01-Jun-2016 18:22:18 UTC] PHP  43. Illuminate\Foundation\Http\Middleware\VerifyCsrfToken->handle() /home/ubuntu/workspace/vendor/laravel/framework/src/Illuminate/Pipeline/Pipeline.php:136
[01-Jun-2016 18:22:18 UTC] PHP  44. Illuminate\Routing\Pipeline->Illuminate\Routing\{closure}() /home/ubuntu/workspace/vendor/laravel/framework/src/Illuminate/Foundation/Http/Middleware/VerifyCsrfToken.php:64
[01-Jun-2016 18:22:18 UTC] PHP  45. call_user_func:{/home/ubuntu/workspace/vendor/laravel/framework/src/Illuminate/Routing/Pipeline.php:52}() /home/ubuntu/workspace/vendor/laravel/framework/src/Illuminate/Routing/Pipeline.php:52
[01-Jun-2016 18:22:18 UTC] PHP  46. Illuminate\Routing\Router->Illuminate\Routing\{closure}() /home/ubuntu/workspace/vendor/laravel/framework/src/Illuminate/Routing/Pipeline.php:52
[01-Jun-2016 18:22:18 UTC] PHP  47. Illuminate\Routing\Route->run() /home/ubuntu/workspace/vendor/laravel/framework/src/Illuminate/Routing/Router.php:724
[01-Jun-2016 18:22:18 UTC] PHP  48. Illuminate\Routing\Route->runController() /home/ubuntu/workspace/vendor/laravel/framework/src/Illuminate/Routing/Route.php:140
[01-Jun-2016 18:22:18 UTC] PHP  49. Illuminate\Routing\ControllerDispatcher->dispatch() /home/ubuntu/workspace/vendor/laravel/framework/src/Illuminate/Routing/Route.php:174
[01-Jun-2016 18:22:18 UTC] PHP  50. Illuminate\Routing\ControllerDispatcher->callWithinStack() /home/ubuntu/workspace/vendor/laravel/framework/src/Illuminate/Routing/ControllerDispatcher.php:54
[01-Jun-2016 18:22:18 UTC] PHP  51. Illuminate\Pipeline\Pipeline->then() /home/ubuntu/workspace/vendor/laravel/framework/src/Illuminate/Routing/ControllerDispatcher.php:96
[01-Jun-2016 18:22:18 UTC] PHP  52. call_user_func:{/home/ubuntu/workspace/vendor/laravel/framework/src/Illuminate/Pipeline/Pipeline.php:103}() /home/ubuntu/workspace/vendor/laravel/framework/src/Illuminate/Pipeline/Pipeline.php:103
[01-Jun-2016 18:22:18 UTC] PHP  53. Illuminate\Routing\Pipeline->Illuminate\Routing\{closure}() /home/ubuntu/workspace/vendor/laravel/framework/src/Illuminate/Pipeline/Pipeline.php:103
[01-Jun-2016 18:22:18 UTC] PHP  54. call_user_func:{/home/ubuntu/workspace/vendor/laravel/framework/src/Illuminate/Routing/Pipeline.php:52}() /home/ubuntu/workspace/vendor/laravel/framework/src/Illuminate/Routing/Pipeline.php:52
[01-Jun-2016 18:22:18 UTC] PHP  55. Illuminate\Routing\ControllerDispatcher->Illuminate\Routing\{closure}() /home/ubuntu/workspace/vendor/laravel/framework/src/Illuminate/Routing/Pipeline.php:52
[01-Jun-2016 18:22:18 UTC] PHP  56. Illuminate\Routing\Router->prepareResponse() /home/ubuntu/workspace/vendor/laravel/framework/src/Illuminate/Routing/ControllerDispatcher.php:95
[01-Jun-2016 18:22:18 UTC] PHP  57. Symfony\Component\HttpFoundation\Response->__construct() /home/ubuntu/workspace/vendor/laravel/framework/src/Illuminate/Routing/Router.php:1087
[01-Jun-2016 18:22:18 UTC] PHP  58. Illuminate\Http\Response->setContent() /home/ubuntu/workspace/vendor/symfony/http-foundation/Response.php:199
[01-Jun-2016 18:22:18 UTC] PHP  59. Illuminate\View\View->render() /home/ubuntu/workspace/vendor/laravel/framework/src/Illuminate/Http/Response.php:53
[01-Jun-2016 18:22:18 UTC] PHP  60. Illuminate\View\View->renderContents() /home/ubuntu/workspace/vendor/laravel/framework/src/Illuminate/View/View.php:85
[01-Jun-2016 18:22:18 UTC] PHP  61. Illuminate\View\View->getContents() /home/ubuntu/workspace/vendor/laravel/framework/src/Illuminate/View/View.php:120
[01-Jun-2016 18:22:18 UTC] PHP  62. Illuminate\View\Engines\CompilerEngine->get() /home/ubuntu/workspace/vendor/laravel/framework/src/Illuminate/View/View.php:149
[01-Jun-2016 18:22:18 UTC] PHP  63. Illuminate\View\Engines\PhpEngine->evaluatePath() /home/ubuntu/workspace/vendor/laravel/framework/src/Illuminate/View/Engines/CompilerEngine.php:59
[01-Jun-2016 23:44:15 UTC] PHP Fatal error:  Class 'Collective\Html\HtmlServiceProvider' not found in /home/ubuntu/workspace/vendor/laravel/framework/src/Illuminate/Foundation/ProviderRepository.php on line 146
[01-Jun-2016 23:44:15 UTC] PHP Stack trace:
[01-Jun-2016 23:44:15 UTC] PHP   1. {main}() /home/ubuntu/workspace/public/index.php:0
[01-Jun-2016 23:44:15 UTC] PHP   2. Illuminate\Foundation\Http\Kernel->handle() /home/ubuntu/workspace/public/index.php:54
[01-Jun-2016 23:44:15 UTC] PHP   3. Illuminate\Foundation\Http\Kernel->sendRequestThroughRouter() /home/ubuntu/workspace/vendor/laravel/framework/src/Illuminate/Foundation/Http/Kernel.php:99
[01-Jun-2016 23:44:15 UTC] PHP   4. Illuminate\Foundation\Http\Kernel->bootstrap() /home/ubuntu/workspace/vendor/laravel/framework/src/Illuminate/Foundation/Http/Kernel.php:127
[01-Jun-2016 23:44:15 UTC] PHP   5. Illuminate\Foundation\Application->bootstrapWith() /home/ubuntu/workspace/vendor/laravel/framework/src/Illuminate/Foundation/Http/Kernel.php:232
[01-Jun-2016 23:44:15 UTC] PHP   6. Illuminate\Foundation\Bootstrap\RegisterProviders->bootstrap() /home/ubuntu/workspace/vendor/laravel/framework/src/Illuminate/Foundation/Application.php:203
[01-Jun-2016 23:44:15 UTC] PHP   7. Illuminate\Foundation\Application->registerConfiguredProviders() /home/ubuntu/workspace/vendor/laravel/framework/src/Illuminate/Foundation/Bootstrap/RegisterProviders.php:17
[01-Jun-2016 23:44:15 UTC] PHP   8. Illuminate\Foundation\ProviderRepository->load() /home/ubuntu/workspace/vendor/laravel/framework/src/Illuminate/Foundation/Application.php:530
[01-Jun-2016 23:44:15 UTC] PHP   9. Illuminate\Foundation\ProviderRepository->compileManifest() /home/ubuntu/workspace/vendor/laravel/framework/src/Illuminate/Foundation/ProviderRepository.php:60
[01-Jun-2016 23:44:15 UTC] PHP  10. Illuminate\Foundation\ProviderRepository->createProvider() /home/ubuntu/workspace/vendor/laravel/framework/src/Illuminate/Foundation/ProviderRepository.php:114
[01-Jun-2016 23:57:32 UTC] PHP Fatal error:  Class 'Collective\Html\HtmlServiceProvider' not found in /home/ubuntu/workspace/vendor/laravel/framework/src/Illuminate/Foundation/ProviderRepository.php on line 146
[01-Jun-2016 23:57:32 UTC] PHP Stack trace:
[01-Jun-2016 23:57:32 UTC] PHP   1. {main}() /home/ubuntu/workspace/public/index.php:0
[01-Jun-2016 23:57:32 UTC] PHP   2. Illuminate\Foundation\Http\Kernel->handle() /home/ubuntu/workspace/public/index.php:54
[01-Jun-2016 23:57:32 UTC] PHP   3. Illuminate\Foundation\Http\Kernel->sendRequestThroughRouter() /home/ubuntu/workspace/vendor/laravel/framework/src/Illuminate/Foundation/Http/Kernel.php:99
[01-Jun-2016 23:57:32 UTC] PHP   4. Illuminate\Foundation\Http\Kernel->bootstrap() /home/ubuntu/workspace/vendor/laravel/framework/src/Illuminate/Foundation/Http/Kernel.php:127
[01-Jun-2016 23:57:32 UTC] PHP   5. Illuminate\Foundation\Application->bootstrapWith() /home/ubuntu/workspace/vendor/laravel/framework/src/Illuminate/Foundation/Http/Kernel.php:232
[01-Jun-2016 23:57:32 UTC] PHP   6. Illuminate\Foundation\Bootstrap\RegisterProviders->bootstrap() /home/ubuntu/workspace/vendor/laravel/framework/src/Illuminate/Foundation/Application.php:203
[01-Jun-2016 23:57:32 UTC] PHP   7. Illuminate\Foundation\Application->registerConfiguredProviders() /home/ubuntu/workspace/vendor/laravel/framework/src/Illuminate/Foundation/Bootstrap/RegisterProviders.php:17
[01-Jun-2016 23:57:32 UTC] PHP   8. Illuminate\Foundation\ProviderRepository->load() /home/ubuntu/workspace/vendor/laravel/framework/src/Illuminate/Foundation/Application.php:530
[01-Jun-2016 23:57:32 UTC] PHP   9. Illuminate\Foundation\ProviderRepository->compileManifest() /home/ubuntu/workspace/vendor/laravel/framework/src/Illuminate/Foundation/ProviderRepository.php:60
[01-Jun-2016 23:57:32 UTC] PHP  10. Illuminate\Foundation\ProviderRepository->createProvider() /home/ubuntu/workspace/vendor/laravel/framework/src/Illuminate/Foundation/ProviderRepository.php:114
[01-Jun-2016 23:57:54 UTC] PHP Fatal error:  Class 'Collective\Html\HtmlServiceProvider' not found in /home/ubuntu/workspace/vendor/laravel/framework/src/Illuminate/Foundation/ProviderRepository.php on line 146
[01-Jun-2016 23:57:54 UTC] PHP Stack trace:
[01-Jun-2016 23:57:54 UTC] PHP   1. {main}() /home/ubuntu/workspace/public/index.php:0
[01-Jun-2016 23:57:54 UTC] PHP   2. Illuminate\Foundation\Http\Kernel->handle() /home/ubuntu/workspace/public/index.php:54
[01-Jun-2016 23:57:54 UTC] PHP   3. Illuminate\Foundation\Http\Kernel->sendRequestThroughRouter() /home/ubuntu/workspace/vendor/laravel/framework/src/Illuminate/Foundation/Http/Kernel.php:99
[01-Jun-2016 23:57:54 UTC] PHP   4. Illuminate\Foundation\Http\Kernel->bootstrap() /home/ubuntu/workspace/vendor/laravel/framework/src/Illuminate/Foundation/Http/Kernel.php:127
[01-Jun-2016 23:57:54 UTC] PHP   5. Illuminate\Foundation\Application->bootstrapWith() /home/ubuntu/workspace/vendor/laravel/framework/src/Illuminate/Foundation/Http/Kernel.php:232
[01-Jun-2016 23:57:54 UTC] PHP   6. Illuminate\Foundation\Bootstrap\RegisterProviders->bootstrap() /home/ubuntu/workspace/vendor/laravel/framework/src/Illuminate/Foundation/Application.php:203
[01-Jun-2016 23:57:54 UTC] PHP   7. Illuminate\Foundation\Application->registerConfiguredProviders() /home/ubuntu/workspace/vendor/laravel/framework/src/Illuminate/Foundation/Bootstrap/RegisterProviders.php:17
[01-Jun-2016 23:57:54 UTC] PHP   8. Illuminate\Foundation\ProviderRepository->load() /home/ubuntu/workspace/vendor/laravel/framework/src/Illuminate/Foundation/Application.php:530
[01-Jun-2016 23:57:54 UTC] PHP   9. Illuminate\Foundation\ProviderRepository->compileManifest() /home/ubuntu/workspace/vendor/laravel/framework/src/Illuminate/Foundation/ProviderRepository.php:60
[01-Jun-2016 23:57:54 UTC] PHP  10. Illuminate\Foundation\ProviderRepository->createProvider() /home/ubuntu/workspace/vendor/laravel/framework/src/Illuminate/Foundation/ProviderRepository.php:114
[03-Jun-2016 22:11:13 UTC] PHP Parse error:  syntax error, unexpected ':', expecting ',' or ';' in /home/ubuntu/workspace/storage/framework/views/e2f43533b92eca3542b09f4ff677438fab6d984b.php on line 25
[03-Jun-2016 22:11:13 UTC] PHP Stack trace:
[03-Jun-2016 22:11:13 UTC] PHP   1. {main}() /home/ubuntu/workspace/public/index.php:0
[03-Jun-2016 22:11:13 UTC] PHP   2. Illuminate\Foundation\Http\Kernel->handle() /home/ubuntu/workspace/public/index.php:54
[03-Jun-2016 22:11:13 UTC] PHP   3. Illuminate\Foundation\Http\Kernel->sendRequestThroughRouter() /home/ubuntu/workspace/vendor/laravel/framework/src/Illuminate/Foundation/Http/Kernel.php:99
[03-Jun-2016 22:11:13 UTC] PHP   4. Illuminate\Pipeline\Pipeline->then() /home/ubuntu/workspace/vendor/laravel/framework/src/Illuminate/Foundation/Http/Kernel.php:132
[03-Jun-2016 22:11:13 UTC] PHP   5. call_user_func:{/home/ubuntu/workspace/vendor/laravel/framework/src/Illuminate/Pipeline/Pipeline.php:103}() /home/ubuntu/workspace/vendor/laravel/framework/src/Illuminate/Pipeline/Pipeline.php:103
[03-Jun-2016 22:11:13 UTC] PHP   6. Illuminate\Routing\Pipeline->Illuminate\Routing\{closure}() /home/ubuntu/workspace/vendor/laravel/framework/src/Illuminate/Pipeline/Pipeline.php:103
[03-Jun-2016 22:11:13 UTC] PHP   7. call_user_func:{/home/ubuntu/workspace/vendor/laravel/framework/src/Illuminate/Routing/Pipeline.php:32}() /home/ubuntu/workspace/vendor/laravel/framework/src/Illuminate/Routing/Pipeline.php:32
[03-Jun-2016 22:11:13 UTC] PHP   8. Illuminate\Pipeline\Pipeline->Illuminate\Pipeline\{closure}() /home/ubuntu/workspace/vendor/laravel/framework/src/Illuminate/Routing/Pipeline.php:32
[03-Jun-2016 22:11:13 UTC] PHP   9. call_user_func_array:{/home/ubuntu/workspace/vendor/laravel/framework/src/Illuminate/Pipeline/Pipeline.php:136}() /home/ubuntu/workspace/vendor/laravel/framework/src/Illuminate/Pipeline/Pipeline.php:136
[03-Jun-2016 22:11:13 UTC] PHP  10. Illuminate\Foundation\Http\Middleware\CheckForMaintenanceMode->handle() /home/ubuntu/workspace/vendor/laravel/framework/src/Illuminate/Pipeline/Pipeline.php:136
[03-Jun-2016 22:11:13 UTC] PHP  11. Illuminate\Routing\Pipeline->Illuminate\Routing\{closure}() /home/ubuntu/workspace/vendor/laravel/framework/src/Illuminate/Foundation/Http/Middleware/CheckForMaintenanceMode.php:44
[03-Jun-2016 22:11:13 UTC] PHP  12. call_user_func:{/home/ubuntu/workspace/vendor/laravel/framework/src/Illuminate/Routing/Pipeline.php:52}() /home/ubuntu/workspace/vendor/laravel/framework/src/Illuminate/Routing/Pipeline.php:52
[03-Jun-2016 22:11:13 UTC] PHP  13. Illuminate\Foundation\Http\Kernel->Illuminate\Foundation\Http\{closure}() /home/ubuntu/workspace/vendor/laravel/framework/src/Illuminate/Routing/Pipeline.php:52
[03-Jun-2016 22:11:13 UTC] PHP  14. Illuminate\Routing\Router->dispatch() /home/ubuntu/workspace/vendor/laravel/framework/src/Illuminate/Foundation/Http/Kernel.php:246
[03-Jun-2016 22:11:13 UTC] PHP  15. Illuminate\Routing\Router->dispatchToRoute() /home/ubuntu/workspace/vendor/laravel/framework/src/Illuminate/Routing/Router.php:675
[03-Jun-2016 22:11:13 UTC] PHP  16. Illuminate\Routing\Router->runRouteWithinStack() /home/ubuntu/workspace/vendor/laravel/framework/src/Illuminate/Routing/Router.php:699
[03-Jun-2016 22:11:13 UTC] PHP  17. Illuminate\Pipeline\Pipeline->then() /home/ubuntu/workspace/vendor/laravel/framework/src/Illuminate/Routing/Router.php:726
[03-Jun-2016 22:11:13 UTC] PHP  18. call_user_func:{/home/ubuntu/workspace/vendor/laravel/framework/src/Illuminate/Pipeline/Pipeline.php:103}() /home/ubuntu/workspace/vendor/laravel/framework/src/Illuminate/Pipeline/Pipeline.php:103
[03-Jun-2016 22:11:13 UTC] PHP  19. Illuminate\Routing\Pipeline->Illuminate\Routing\{closure}() /home/ubuntu/workspace/vendor/laravel/framework/src/Illuminate/Pipeline/Pipeline.php:103
[03-Jun-2016 22:11:13 UTC] PHP  20. call_user_func:{/home/ubuntu/workspace/vendor/laravel/framework/src/Illuminate/Routing/Pipeline.php:32}() /home/ubuntu/workspace/vendor/laravel/framework/src/Illuminate/Routing/Pipeline.php:32
[03-Jun-2016 22:11:13 UTC] PHP  21. Illuminate\Pipeline\Pipeline->Illuminate\Pipeline\{closure}() /home/ubuntu/workspace/vendor/laravel/framework/src/Illuminate/Routing/Pipeline.php:32
[03-Jun-2016 22:11:13 UTC] PHP  22. call_user_func_array:{/home/ubuntu/workspace/vendor/laravel/framework/src/Illuminate/Pipeline/Pipeline.php:136}() /home/ubuntu/workspace/vendor/laravel/framework/src/Illuminate/Pipeline/Pipeline.php:136
[03-Jun-2016 22:11:13 UTC] PHP  23. Illuminate\Cookie\Middleware\EncryptCookies->handle() /home/ubuntu/workspace/vendor/laravel/framework/src/Illuminate/Pipeline/Pipeline.php:136
[03-Jun-2016 22:11:13 UTC] PHP  24. Illuminate\Routing\Pipeline->Illuminate\Routing\{closure}() /home/ubuntu/workspace/vendor/laravel/framework/src/Illuminate/Cookie/Middleware/EncryptCookies.php:59
[03-Jun-2016 22:11:13 UTC] PHP  25. call_user_func:{/home/ubuntu/workspace/vendor/laravel/framework/src/Illuminate/Routing/Pipeline.php:32}() /home/ubuntu/workspace/vendor/laravel/framework/src/Illuminate/Routing/Pipeline.php:32
[03-Jun-2016 22:11:13 UTC] PHP  26. Illuminate\Pipeline\Pipeline->Illuminate\Pipeline\{closure}() /home/ubuntu/workspace/vendor/laravel/framework/src/Illuminate/Routing/Pipeline.php:32
[03-Jun-2016 22:11:13 UTC] PHP  27. call_user_func_array:{/home/ubuntu/workspace/vendor/laravel/framework/src/Illuminate/Pipeline/Pipeline.php:136}() /home/ubuntu/workspace/vendor/laravel/framework/src/Illuminate/Pipeline/Pipeline.php:136
[03-Jun-2016 22:11:13 UTC] PHP  28. Illuminate\Cookie\Middleware\AddQueuedCookiesToResponse->handle() /home/ubuntu/workspace/vendor/laravel/framework/src/Illuminate/Pipeline/Pipeline.php:136
[03-Jun-2016 22:11:13 UTC] PHP  29. Illuminate\Routing\Pipeline->Illuminate\Routing\{closure}() /home/ubuntu/workspace/vendor/laravel/framework/src/Illuminate/Cookie/Middleware/AddQueuedCookiesToResponse.php:37
[03-Jun-2016 22:11:13 UTC] PHP  30. call_user_func:{/home/ubuntu/workspace/vendor/laravel/framework/src/Illuminate/Routing/Pipeline.php:32}() /home/ubuntu/workspace/vendor/laravel/framework/src/Illuminate/Routing/Pipeline.php:32
[03-Jun-2016 22:11:13 UTC] PHP  31. Illuminate\Pipeline\Pipeline->Illuminate\Pipeline\{closure}() /home/ubuntu/workspace/vendor/laravel/framework/src/Illuminate/Routing/Pipeline.php:32
[03-Jun-2016 22:11:13 UTC] PHP  32. call_user_func_array:{/home/ubuntu/workspace/vendor/laravel/framework/src/Illuminate/Pipeline/Pipeline.php:136}() /home/ubuntu/workspace/vendor/laravel/framework/src/Illuminate/Pipeline/Pipeline.php:136
[03-Jun-2016 22:11:13 UTC] PHP  33. Illuminate\Session\Middleware\StartSession->handle() /home/ubuntu/workspace/vendor/laravel/framework/src/Illuminate/Pipeline/Pipeline.php:136
[03-Jun-2016 22:11:13 UTC] PHP  34. Illuminate\Routing\Pipeline->Illuminate\Routing\{closure}() /home/ubuntu/workspace/vendor/laravel/framework/src/Illuminate/Session/Middleware/StartSession.php:62
[03-Jun-2016 22:11:13 UTC] PHP  35. call_user_func:{/home/ubuntu/workspace/vendor/laravel/framework/src/Illuminate/Routing/Pipeline.php:32}() /home/ubuntu/workspace/vendor/laravel/framework/src/Illuminate/Routing/Pipeline.php:32
[03-Jun-2016 22:11:13 UTC] PHP  36. Illuminate\Pipeline\Pipeline->Illuminate\Pipeline\{closure}() /home/ubuntu/workspace/vendor/laravel/framework/src/Illuminate/Routing/Pipeline.php:32
[03-Jun-2016 22:11:13 UTC] PHP  37. call_user_func_array:{/home/ubuntu/workspace/vendor/laravel/framework/src/Illuminate/Pipeline/Pipeline.php:136}() /home/ubuntu/workspace/vendor/laravel/framework/src/Illuminate/Pipeline/Pipeline.php:136
[03-Jun-2016 22:11:13 UTC] PHP  38. Illuminate\View\Middleware\ShareErrorsFromSession->handle() /home/ubuntu/workspace/vendor/laravel/framework/src/Illuminate/Pipeline/Pipeline.php:136
[03-Jun-2016 22:11:13 UTC] PHP  39. Illuminate\Routing\Pipeline->Illuminate\Routing\{closure}() /home/ubuntu/workspace/vendor/laravel/framework/src/Illuminate/View/Middleware/ShareErrorsFromSession.php:49
[03-Jun-2016 22:11:13 UTC] PHP  40. call_user_func:{/home/ubuntu/workspace/vendor/laravel/framework/src/Illuminate/Routing/Pipeline.php:32}() /home/ubuntu/workspace/vendor/laravel/framework/src/Illuminate/Routing/Pipeline.php:32
[03-Jun-2016 22:11:13 UTC] PHP  41. Illuminate\Pipeline\Pipeline->Illuminate\Pipeline\{closure}() /home/ubuntu/workspace/vendor/laravel/framework/src/Illuminate/Routing/Pipeline.php:32
[03-Jun-2016 22:11:13 UTC] PHP  42. call_user_func_array:{/home/ubuntu/workspace/vendor/laravel/framework/src/Illuminate/Pipeline/Pipeline.php:136}() /home/ubuntu/workspace/vendor/laravel/framework/src/Illuminate/Pipeline/Pipeline.php:136
[03-Jun-2016 22:11:13 UTC] PHP  43. Illuminate\Foundation\Http\Middleware\VerifyCsrfToken->handle() /home/ubuntu/workspace/vendor/laravel/framework/src/Illuminate/Pipeline/Pipeline.php:136
[03-Jun-2016 22:11:13 UTC] PHP  44. Illuminate\Routing\Pipeline->Illuminate\Routing\{closure}() /home/ubuntu/workspace/vendor/laravel/framework/src/Illuminate/Foundation/Http/Middleware/VerifyCsrfToken.php:64
[03-Jun-2016 22:11:13 UTC] PHP  45. call_user_func:{/home/ubuntu/workspace/vendor/laravel/framework/src/Illuminate/Routing/Pipeline.php:52}() /home/ubuntu/workspace/vendor/laravel/framework/src/Illuminate/Routing/Pipeline.php:52
[03-Jun-2016 22:11:13 UTC] PHP  46. Illuminate\Routing\Router->Illuminate\Routing\{closure}() /home/ubuntu/workspace/vendor/laravel/framework/src/Illuminate/Routing/Pipeline.php:52
[03-Jun-2016 22:11:13 UTC] PHP  47. Illuminate\Routing\Route->run() /home/ubuntu/workspace/vendor/laravel/framework/src/Illuminate/Routing/Router.php:724
[03-Jun-2016 22:11:13 UTC] PHP  48. Illuminate\Routing\Route->runController() /home/ubuntu/workspace/vendor/laravel/framework/src/Illuminate/Routing/Route.php:140
[03-Jun-2016 22:11:13 UTC] PHP  49. Illuminate\Routing\ControllerDispatcher->dispatch() /home/ubuntu/workspace/vendor/laravel/framework/src/Illuminate/Routing/Route.php:174
[03-Jun-2016 22:11:13 UTC] PHP  50. Illuminate\Routing\ControllerDispatcher->callWithinStack() /home/ubuntu/workspace/vendor/laravel/framework/src/Illuminate/Routing/ControllerDispatcher.php:54
[03-Jun-2016 22:11:13 UTC] PHP  51. Illuminate\Pipeline\Pipeline->then() /home/ubuntu/workspace/vendor/laravel/framework/src/Illuminate/Routing/ControllerDispatcher.php:96
[03-Jun-2016 22:11:13 UTC] PHP  52. call_user_func:{/home/ubuntu/workspace/vendor/laravel/framework/src/Illuminate/Pipeline/Pipeline.php:103}() /home/ubuntu/workspace/vendor/laravel/framework/src/Illuminate/Pipeline/Pipeline.php:103
[03-Jun-2016 22:11:13 UTC] PHP  53. Illuminate\Routing\Pipeline->Illuminate\Routing\{closure}() /home/ubuntu/workspace/vendor/laravel/framework/src/Illuminate/Pipeline/Pipeline.php:103
[03-Jun-2016 22:11:13 UTC] PHP  54. call_user_func:{/home/ubuntu/workspace/vendor/laravel/framework/src/Illuminate/Routing/Pipeline.php:52}() /home/ubuntu/workspace/vendor/laravel/framework/src/Illuminate/Routing/Pipeline.php:52
[03-Jun-2016 22:11:13 UTC] PHP  55. Illuminate\Routing\ControllerDispatcher->Illuminate\Routing\{closure}() /home/ubuntu/workspace/vendor/laravel/framework/src/Illuminate/Routing/Pipeline.php:52
[03-Jun-2016 22:11:13 UTC] PHP  56. Illuminate\Routing\Router->prepareResponse() /home/ubuntu/workspace/vendor/laravel/framework/src/Illuminate/Routing/ControllerDispatcher.php:95
[03-Jun-2016 22:11:13 UTC] PHP  57. Symfony\Component\HttpFoundation\Response->__construct() /home/ubuntu/workspace/vendor/laravel/framework/src/Illuminate/Routing/Router.php:1085
[03-Jun-2016 22:11:13 UTC] PHP  58. Illuminate\Http\Response->setContent() /home/ubuntu/workspace/vendor/symfony/http-foundation/Response.php:199
[03-Jun-2016 22:11:13 UTC] PHP  59. Illuminate\View\View->render() /home/ubuntu/workspace/vendor/laravel/framework/src/Illuminate/Http/Response.php:53
[03-Jun-2016 22:11:13 UTC] PHP  60. Illuminate\View\View->renderContents() /home/ubuntu/workspace/vendor/laravel/framework/src/Illuminate/View/View.php:85
[03-Jun-2016 22:11:13 UTC] PHP  61. Illuminate\View\View->getContents() /home/ubuntu/workspace/vendor/laravel/framework/src/Illuminate/View/View.php:120
[03-Jun-2016 22:11:13 UTC] PHP  62. Illuminate\View\Engines\CompilerEngine->get() /home/ubuntu/workspace/vendor/laravel/framework/src/Illuminate/View/View.php:149
[03-Jun-2016 22:11:13 UTC] PHP  63. Illuminate\View\Engines\PhpEngine->evaluatePath() /home/ubuntu/workspace/vendor/laravel/framework/src/Illuminate/View/Engines/CompilerEngine.php:59
